TN:
SF:backend/db.js
FNF:0
FNH:0
DA:2,1
DA:5,1
DA:14,1
LF:3
LH:3
BRF:0
BRH:0
end_of_record
TN:
SF:backend/seed.js
FN:12,(anonymous_0)
FN:27,(anonymous_1)
FN:28,(anonymous_2)
FNF:3
FNH:3
FNDA:1,(anonymous_0)
FNDA:2,(anonymous_1)
FNDA:2,(anonymous_2)
DA:2,1
DA:3,1
DA:7,1
DA:8,1
DA:12,1
DA:14,1
DA:16,1
DA:17,1
DA:20,1
DA:21,1
DA:23,1
DA:24,1
DA:27,2
DA:28,2
DA:31,1
DA:32,1
DA:34,1
DA:35,1
DA:37,1
DA:38,1
DA:40,1
DA:44,1
LF:22
LH:22
BRF:0
BRH:0
end_of_record
TN:
SF:backend/server.js
FNF:0
FNH:0
DA:1,1
DA:2,1
DA:3,1
DA:4,1
DA:5,1
DA:8,1
DA:9,1
DA:12,1
DA:13,1
DA:22,1
LF:10
LH:10
BRF:0
BRH:0
end_of_record
TN:
SF:backend/models/Post.js
FNF:0
FNH:0
DA:2,1
DA:5,1
DA:12,1
LF:3
LH:3
BRF:0
BRH:0
end_of_record
TN:
SF:backend/models/User.js
FNF:0
FNH:0
DA:2,1
DA:5,1
DA:13,1
LF:3
LH:3
BRF:0
BRH:0
end_of_record
TN:
SF:backend/models/index.js
FNF:0
FNH:0
DA:1,1
DA:2,1
DA:4,1
DA:5,1
DA:7,1
LF:5
LH:5
BRF:0
BRH:0
end_of_record
TN:
SF:backend/routes/post.js
FN:9,(anonymous_0)
FN:19,(anonymous_1)
FN:30,(anonymous_2)
FNF:3
FNH:3
FNDA:1,(anonymous_0)
FNDA:2,(anonymous_1)
FNDA:1,(anonymous_2)
DA:1,1
DA:2,1
DA:3,1
DA:4,1
DA:9,1
DA:10,1
DA:11,1
DA:12,1
DA:14,0
DA:19,1
DA:20,2
DA:21,2
DA:22,0
DA:23,0
DA:25,2
DA:30,1
DA:31,1
DA:32,1
DA:33,1
DA:34,1
DA:35,0
DA:37,1
DA:38,1
DA:40,0
DA:44,1
LF:25
LH:20
BRDA:21,0,0,0
BRDA:21,0,1,0
BRDA:33,1,0,0
BRDA:33,1,1,1
BRDA:34,2,0,0
BRDA:34,2,1,1
BRF:6
BRH:2
end_of_record
TN:
SF:backend/routes/user.js
FNF:0
FNH:0
DA:1,1
DA:2,1
DA:3,1
DA:4,1
DA:8,1
LF:5
LH:5
BRF:0
BRH:0
end_of_record
